Arguments: 
  /Users/rn/.nvm/versions/node/v8.9.1/bin/node /Users/rn/.yarn/bin/yarn.js upgrade-interactive

PATH: 
  /Library/Frameworks/Python.framework/Versions/3.6/bin:/Users/rn/Documents/google-cloud-sdk/bin:/Users/rn/.fastlane/bin:/Users/rn/.rvm/gems/ruby-2.2.4/bin:/Users/rn/.rvm/gems/ruby-2.2.4@global/bin:/Users/rn/.rvm/rubies/ruby-2.2.4/bin:/Users/rn/.yarn/bin:/Users/rn/.nvm/versions/node/v8.9.1/bin:/usr/local/bin:/usr/bin:/bin:/usr/sbin:/sbin:/Library/Frameworks/Python.framework/Versions/3.6/bin:/Users/rn/Documents/google-cloud-sdk/bin:/Users/rn/.fastlane/bin:/Users/rn/.rvm/gems/ruby-2.2.4/bin:/Users/rn/.rvm/gems/ruby-2.2.4@global/bin:/Users/rn/.rvm/rubies/ruby-2.2.4/bin:/Users/rn/.yarn/bin:/Applications/android-sdk-macosx/platform-tools:/Applications/android-sdk-macosx/tools:/Users/rn/mongodb/bin/:/Users/rn/.rvm/bin:/Applications/android-sdk-macosx/platform-tools:/Applications/android-sdk-macosx/tools:/Users/rn/mongodb/bin/

Yarn version: 
  1.5.1

Node version: 
  8.9.1

Platform: 
  darwin x64

npm manifest: 
  {
    "name": "ts-react-app",
    "version": "0.1.0",
    "main": "index.js",
    "license": "MIT",
    "scripts": {
      "start": "parcel ./public/dev/index.html --open",
      "build": "parcel build ./src/index.tsx --out-dir build/ && cp ./public/prod/index.html ./build/index.html",
      "serve:build": "serve --open ./build/",
      "test": "jest --watch --coverage"
    },
    "dependencies": {
      "react": "^16.2.0",
      "react-dom": "^16.2.0"
    },
    "devDependencies": {
      "@types/jest": "^22.1.3",
      "@types/react": "^16.0.38",
      "@types/react-dom": "^16.0.4",
      "comment-json": "^1.1.3",
      "jest": "^22.3.0",
      "parcel-bundler": "^1.6.1",
      "prettier": "^1.10.2",
      "react-test-renderer": "^16.2.0",
      "serve": "^6.4.10",
      "typescript": "^2.7.2"
    },
    "jest": {
      "moduleFileExtensions": [
        "ts",
        "tsx",
        "js"
      ],
      "transform": {
        "^.+\\.(ts|tsx)$": "<rootDir>/preprocessor.js"
      },
      "testMatch": [
        "**/__tests__/*.(ts|tsx|js)"
      ]
    }
  }

yarn manifest: 
  No manifest

Lockfile: 
  No lockfile

Trace: 
  Error: No lockfile in this directory. Run `yarn install` to generate one.
      at new MessageError (/Users/rn/.yarn/lib/cli.js:186:110)
      at /Users/rn/.yarn/lib/cli.js:89389:13
      at <anonymous>
